<?xml version="1.0" encoding="UTF-8"?>
<!-- Generated by org.testng.reporters.JUnitXMLReporter -->
<testsuite hostname="LP1-AP-51836313" ignored="0" name="Test" tests="4" failures="1" timestamp="2021-09-25T17:26:37 IST" time="12.245" errors="0">
  <testcase name="googlePageTitleTest" time="0.09" classname="com.searchengine.testcases.GooglePageTest">
    <failure type="java.lang.AssertionError" message="expected [Google] but found [Bing]">
      <![CDATA[java.lang.AssertionError: expected [Google] but found [Bing]
at com.searchengine.testcases.GooglePageTest.googlePageTitleTest(GooglePageTest.java:31)
at java.util.ArrayList.forEach(Unknown Source)
... Removed 33 stack frames]]>
    </failure>
  </testcase> <!-- googlePageTitleTest -->
  <testcase name="searchTermOnGoogle" time="1.319" classname="com.searchengine.testcases.GooglePageTest"/>
  <testcase name="bingPageTitleTest" time="0.015" classname="com.searchengine.testcases.BingPageTest"/>
  <testcase name="searchTermOnBing" time="1.923" classname="com.searchengine.testcases.BingPageTest"/>
</testsuite> <!-- Test -->
