<?xml version="1.0" encoding="UTF-8"?>
<!-- Generated by org.testng.reporters.JUnitXMLReporter -->
<testsuite hostname="LP1-AP-51836313" ignored="0" name="Default test" tests="3" failures="0" timestamp="2021-09-25T21:55:17 IST" time="17.27" errors="0">
  <testcase name="searchItemOnGoogleAndVerify" time="1.978" classname="com.searchengine.testcases.GooglePageTest"/>
  <testcase name="searchItemOnGoogleAndVerify" time="2.489" classname="com.searchengine.testcases.GooglePageTest"/>
  <testcase name="searchItemOnGoogleAndVerify" time="2.082" classname="com.searchengine.testcases.GooglePageTest"/>
</testsuite> <!-- Default test -->
