<?xml version="1.0" encoding="UTF-8"?>
<testng-results skipped="0" failed="1" ignored="0" total="3" passed="2">
  <reporter-output>
  </reporter-output>
  <suite name="Search Engines" duration-ms="26421" started-at="2021-09-26T00:49:28 IST" finished-at="2021-09-26T00:49:54 IST">
    <groups>
    </groups>
    <test name="Search Engine Tests" duration-ms="26421" started-at="2021-09-26T00:49:28 IST" finished-at="2021-09-26T00:49:54 IST">
      <class name="com.searchengine.testcases.GooglePageTest">
        <test-method status="PASS" signature="setUpMethod()[pri:0, instance:com.searchengine.testcases.GooglePageTest@23d2a7e8]" name="setUpMethod" is-config="true" duration-ms="3311" started-at="2021-09-26T00:49:28 IST" finished-at="2021-09-26T00:49:32 IST">
          <reporter-output>
          </reporter-output>
        </test-method> <!-- setUpMethod -->
        <test-method status="PASS" signature="searchItemOnGoogleAndVerify(java.lang.String,java.lang.String)[pri:1, instance:com.searchengine.testcases.GooglePageTest@23d2a7e8]" name="searchItemOnGoogleAndVerify" duration-ms="1984" started-at="2021-09-26T00:49:32 IST" data-provider="getGoogleTestData" finished-at="2021-09-26T00:49:34 IST">
          <params>
            <param index="0">
              <value>
                <![CDATA[Zensar]]>
              </value>
            </param>
            <param index="1">
              <value>
                <![CDATA[Zensar: Think velocity]]>
              </value>
            </param>
          </params>
          <reporter-output>
          </reporter-output>
        </test-method> <!-- searchItemOnGoogleAndVerify -->
        <test-method status="PASS" signature="tearDownMethod()[pri:0, instance:com.searchengine.testcases.GooglePageTest@23d2a7e8]" name="tearDownMethod" is-config="true" duration-ms="694" started-at="2021-09-26T00:49:34 IST" finished-at="2021-09-26T00:49:34 IST">
          <reporter-output>
          </reporter-output>
        </test-method> <!-- tearDownMethod -->
        <test-method status="PASS" signature="setUpMethod()[pri:0, instance:com.searchengine.testcases.GooglePageTest@23d2a7e8]" name="setUpMethod" is-config="true" duration-ms="2151" started-at="2021-09-26T00:49:34 IST" finished-at="2021-09-26T00:49:36 IST">
          <reporter-output>
          </reporter-output>
        </test-method> <!-- setUpMethod -->
        <test-method status="PASS" signature="searchItemOnGoogleAndVerify(java.lang.String,java.lang.String)[pri:1, instance:com.searchengine.testcases.GooglePageTest@23d2a7e8]" name="searchItemOnGoogleAndVerify" duration-ms="2263" started-at="2021-09-26T00:49:36 IST" data-provider="getGoogleTestData" finished-at="2021-09-26T00:49:39 IST">
          <params>
            <param index="0">
              <value>
                <![CDATA[Fiserv]]>
              </value>
            </param>
            <param index="1">
              <value>
                <![CDATA[Fiserv: Financial Services Technology, Mobile Banking ...]]>
              </value>
            </param>
          </params>
          <reporter-output>
          </reporter-output>
        </test-method> <!-- searchItemOnGoogleAndVerify -->
        <test-method status="PASS" signature="tearDownMethod()[pri:0, instance:com.searchengine.testcases.GooglePageTest@23d2a7e8]" name="tearDownMethod" is-config="true" duration-ms="706" started-at="2021-09-26T00:49:39 IST" finished-at="2021-09-26T00:49:39 IST">
          <reporter-output>
          </reporter-output>
        </test-method> <!-- tearDownMethod -->
        <test-method status="PASS" signature="setUpMethod()[pri:0, instance:com.searchengine.testcases.GooglePageTest@23d2a7e8]" name="setUpMethod" is-config="true" duration-ms="2144" started-at="2021-09-26T00:49:39 IST" finished-at="2021-09-26T00:49:42 IST">
          <reporter-output>
          </reporter-output>
        </test-method> <!-- setUpMethod -->
        <test-method status="FAIL" signature="searchItemOnGoogleAndVerify(java.lang.String,java.lang.String)[pri:1, instance:com.searchengine.testcases.GooglePageTest@23d2a7e8]" name="searchItemOnGoogleAndVerify" duration-ms="11948" started-at="2021-09-26T00:49:42 IST" data-provider="getGoogleTestData" finished-at="2021-09-26T00:49:53 IST">
          <params>
            <param index="0">
              <value>
                <![CDATA[Amazon]]>
              </value>
            </param>
            <param index="1">
              <value>
                <![CDATA[Amazon.in1]]>
              </value>
            </param>
          </params>
          <exception class="org.openqa.selenium.NoSuchElementException">
            <message>
              <![CDATA[no such element: Unable to locate element: {"method":"xpath","selector":"//div[@id='search']//a//h3[contains(text(),'Amazon.in1')]"}
  (Session info: chrome=94.0.4606.61)
For documentation on this error, please visit: https://www.seleniumhq.org/exceptions/no_such_element.html
Build info: version: '3.141.59', revision: 'e82be7d358', time: '2018-11-14T08:17:03'
System info: host: 'LP1-AP-51836313', ip: '172.28.80.1', os.name: 'Windows 10', os.arch: 'amd64', os.version: '10.0', java.version: '1.8.0_231'
Driver info: org.openqa.selenium.chrome.ChromeDriver
Capabilities {acceptInsecureCerts: false, browserName: chrome, browserVersion: 94.0.4606.61, chrome: {chromedriverVersion: 94.0.4606.41 (333e85df3c9b6..., userDataDir: C:\Users\RAHUL-~1\AppData\L...}, goog:chromeOptions: {debuggerAddress: localhost:60097}, javascriptEnabled: true, networkConnectionEnabled: false, pageLoadStrategy: normal, platform: WINDOWS, platformName: WINDOWS, proxy: Proxy(), setWindowRect: true, strictFileInteractability: false, timeouts: {implicit: 0, pageLoad: 300000, script: 30000}, unhandledPromptBehavior: dismiss and notify, webauthn:extension:credBlob: true, webauthn:extension:largeBlob: true, webauthn:virtualAuthenticators: true}
Session ID: 4c126576d5908b6dc31d55f26ce36fa8
*** Element info: {Using=xpath, value=//div[@id='search']//a//h3[contains(text(),'Amazon.in1')]}]]>
            </message>
            <full-stacktrace>
              <![CDATA[org.openqa.selenium.NoSuchElementException: no such element: Unable to locate element: {"method":"xpath","selector":"//div[@id='search']//a//h3[contains(text(),'Amazon.in1')]"}
  (Session info: chrome=94.0.4606.61)
For documentation on this error, please visit: https://www.seleniumhq.org/exceptions/no_such_element.html
Build info: version: '3.141.59', revision: 'e82be7d358', time: '2018-11-14T08:17:03'
System info: host: 'LP1-AP-51836313', ip: '172.28.80.1', os.name: 'Windows 10', os.arch: 'amd64', os.version: '10.0', java.version: '1.8.0_231'
Driver info: org.openqa.selenium.chrome.ChromeDriver
Capabilities {acceptInsecureCerts: false, browserName: chrome, browserVersion: 94.0.4606.61, chrome: {chromedriverVersion: 94.0.4606.41 (333e85df3c9b6..., userDataDir: C:\Users\RAHUL-~1\AppData\L...}, goog:chromeOptions: {debuggerAddress: localhost:60097}, javascriptEnabled: true, networkConnectionEnabled: false, pageLoadStrategy: normal, platform: WINDOWS, platformName: WINDOWS, proxy: Proxy(), setWindowRect: true, strictFileInteractability: false, timeouts: {implicit: 0, pageLoad: 300000, script: 30000}, unhandledPromptBehavior: dismiss and notify, webauthn:extension:credBlob: true, webauthn:extension:largeBlob: true, webauthn:virtualAuthenticators: true}
Session ID: 4c126576d5908b6dc31d55f26ce36fa8
*** Element info: {Using=xpath, value=//div[@id='search']//a//h3[contains(text(),'Amazon.in1')]}
at sun.reflect.NativeConstructorAccessorImpl.newInstance0(Native Method)
at sun.reflect.NativeConstructorAccessorImpl.newInstance(Unknown Source)
at sun.reflect.DelegatingConstructorAccessorImpl.newInstance(Unknown Source)
at java.lang.reflect.Constructor.newInstance(Unknown Source)
at org.openqa.selenium.remote.http.W3CHttpResponseCodec.createException(W3CHttpResponseCodec.java:187)
at org.openqa.selenium.remote.http.W3CHttpResponseCodec.decode(W3CHttpResponseCodec.java:122)
at org.openqa.selenium.remote.http.W3CHttpResponseCodec.decode(W3CHttpResponseCodec.java:49)
at org.openqa.selenium.remote.HttpCommandExecutor.execute(HttpCommandExecutor.java:158)
at org.openqa.selenium.remote.service.DriverCommandExecutor.execute(DriverCommandExecutor.java:83)
at org.openqa.selenium.remote.RemoteWebDriver.execute(RemoteWebDriver.java:552)
at org.openqa.selenium.remote.RemoteWebDriver.findElement(RemoteWebDriver.java:323)
at org.openqa.selenium.remote.RemoteWebDriver.findElementByXPath(RemoteWebDriver.java:428)
at org.openqa.selenium.By$ByXPath.findElement(By.java:353)
at org.openqa.selenium.remote.RemoteWebDriver.findElement(RemoteWebDriver.java:315)
at sun.reflect.NativeMethodAccessorImpl.invoke0(Native Method)
at sun.reflect.NativeMethodAccessorImpl.invoke(Unknown Source)
at sun.reflect.DelegatingMethodAccessorImpl.invoke(Unknown Source)
at java.lang.reflect.Method.invoke(Unknown Source)
at org.openqa.selenium.support.events.EventFiringWebDriver.lambda$new$1(EventFiringWebDriver.java:105)
at com.sun.proxy.$Proxy8.findElement(Unknown Source)
at org.openqa.selenium.support.events.EventFiringWebDriver.findElement(EventFiringWebDriver.java:194)
at com.searchengine.utility.Helper.convertStringToWebElement(Helper.java:57)
at com.searchengine.pages.GooglePage.getFirstSearchedItem(GooglePage.java:45)
at com.searchengine.testcases.GooglePageTest.searchItemOnGoogleAndVerify(GooglePageTest.java:34)
at sun.reflect.NativeMethodAccessorImpl.invoke0(Native Method)
at sun.reflect.NativeMethodAccessorImpl.invoke(Unknown Source)
at sun.reflect.DelegatingMethodAccessorImpl.invoke(Unknown Source)
at java.lang.reflect.Method.invoke(Unknown Source)
at org.testng.internal.MethodInvocationHelper.invokeMethod(MethodInvocationHelper.java:133)
at org.testng.internal.TestInvoker.invokeMethod(TestInvoker.java:598)
at org.testng.internal.TestInvoker.invokeTestMethod(TestInvoker.java:173)
at org.testng.internal.MethodRunner.runInSequence(MethodRunner.java:46)
at org.testng.internal.TestInvoker$MethodInvocationAgent.invoke(TestInvoker.java:824)
at org.testng.internal.TestInvoker.invokeTestMethods(TestInvoker.java:146)
at org.testng.internal.TestMethodWorker.invokeTestMethods(TestMethodWorker.java:146)
at org.testng.internal.TestMethodWorker.run(TestMethodWorker.java:128)
at java.util.ArrayList.forEach(Unknown Source)
at org.testng.TestRunner.privateRun(TestRunner.java:794)
at org.testng.TestRunner.run(TestRunner.java:596)
at org.testng.SuiteRunner.runTest(SuiteRunner.java:377)
at org.testng.SuiteRunner.runSequentially(SuiteRunner.java:371)
at org.testng.SuiteRunner.privateRun(SuiteRunner.java:332)
at org.testng.SuiteRunner.run(SuiteRunner.java:276)
at org.testng.SuiteRunnerWorker.runSuite(SuiteRunnerWorker.java:53)
at org.testng.SuiteRunnerWorker.run(SuiteRunnerWorker.java:96)
at org.testng.TestNG.runSuitesSequentially(TestNG.java:1212)
at org.testng.TestNG.runSuitesLocally(TestNG.java:1134)
at org.testng.TestNG.runSuites(TestNG.java:1063)
at org.testng.TestNG.run(TestNG.java:1031)
at org.testng.remote.AbstractRemoteTestNG.run(AbstractRemoteTestNG.java:115)
at org.testng.remote.RemoteTestNG.initAndRun(RemoteTestNG.java:251)
at org.testng.remote.RemoteTestNG.main(RemoteTestNG.java:77)
]]>
            </full-stacktrace>
          </exception> <!-- org.openqa.selenium.NoSuchElementException -->
          <reporter-output>
          </reporter-output>
        </test-method> <!-- searchItemOnGoogleAndVerify -->
        <test-method status="PASS" signature="tearDownMethod()[pri:0, instance:com.searchengine.testcases.GooglePageTest@23d2a7e8]" name="tearDownMethod" is-config="true" duration-ms="741" started-at="2021-09-26T00:49:53 IST" finished-at="2021-09-26T00:49:54 IST">
          <reporter-output>
          </reporter-output>
        </test-method> <!-- tearDownMethod -->
      </class> <!-- com.searchengine.testcases.GooglePageTest -->
    </test> <!-- Search Engine Tests -->
  </suite> <!-- Search Engines -->
</testng-results>
